<?xml version="1.0" encoding="UTF-8"?><testrun name="RunnerJUnit" project="seleniumSprintProject" tests="1" started="1" failures="0" errors="1" ignored="0">
  <testsuite name="com.runner.RunnerJUnit" time="22.574">
    <testsuite name="EMPTY_NAME" time="22.574">
      <testcase name="Verify profile seach using LinkedIn search bar" classname="EMPTY_NAME" time="22.574">
        <error>org.openqa.selenium.NoSuchWindowException: no such window: target window already closed
from unknown error: web view not found
  (Session info: chrome=138.0.7204.97)
Build info: version: '4.34.0', revision: '707dcb4246*'
System info: os.name: 'Windows 11', os.arch: 'amd64', os.version: '10.0', java.version: '17.0.15'
Driver info: org.openqa.selenium.chrome.ChromeDriver
Command: [ea00bad0316fa93407e1c0fdb55e3104, findElement {using=xpath, value=//h2[text()="On this page"]}]
Capabilities {acceptInsecureCerts: false, browserName: chrome, browserVersion: 138.0.7204.97, chrome: {chromedriverVersion: 138.0.7204.92 (f079b9bc781e..., userDataDir: C:\Users\raghav\AppData\Loc...}, fedcm:accounts: true, goog:chromeOptions: {debuggerAddress: localhost:65476}, networkConnectionEnabled: false, pageLoadStrategy: normal, platformName: windows, proxy: Proxy(), se:cdp: ws://localhost:65476/devtoo..., se:cdpVersion: 138.0.7204.97, setWindowRect: true, strictFileInteractability: false, timeouts: {implicit: 0, pageLoad: 300000, script: 30000}, unhandledPromptBehavior: dismiss and notify, webauthn:extension:credBlob: true, webauthn:extension:largeBlob: true, webauthn:extension:minPinLength: true, webauthn:extension:prf: true, webauthn:virtualAuthenticators: true}
Session ID: ea00bad0316fa93407e1c0fdb55e3104&#13;
	at jdk.internal.reflect.GeneratedConstructorAccessor14.newInstance(Unknown Source)&#13;
	at java.base/jdk.internal.reflect.DelegatingConstructorAccessorImpl.newInstance(DelegatingConstructorAccessorImpl.java:45)&#13;
	at java.base/java.lang.reflect.Constructor.newInstanceWithCaller(Constructor.java:500)&#13;
	at java.base/java.lang.reflect.Constructor.newInstance(Constructor.java:481)&#13;
	at org.openqa.selenium.remote.ErrorCodec.decode(ErrorCodec.java:167)&#13;
	at org.openqa.selenium.remote.codec.w3c.W3CHttpResponseCodec.decode(W3CHttpResponseCodec.java:138)&#13;
	at org.openqa.selenium.remote.codec.w3c.W3CHttpResponseCodec.decode(W3CHttpResponseCodec.java:50)&#13;
	at org.openqa.selenium.remote.HttpCommandExecutor.execute(HttpCommandExecutor.java:215)&#13;
	at org.openqa.selenium.remote.service.DriverCommandExecutor.invokeExecute(DriverCommandExecutor.java:216)&#13;
	at org.openqa.selenium.remote.service.DriverCommandExecutor.execute(DriverCommandExecutor.java:174)&#13;
	at org.openqa.selenium.remote.RemoteWebDriver.execute(RemoteWebDriver.java:544)&#13;
	at org.openqa.selenium.remote.ElementLocation$ElementFinder$2.findElement(ElementLocation.java:165)&#13;
	at org.openqa.selenium.remote.ElementLocation.findElement(ElementLocation.java:59)&#13;
	at org.openqa.selenium.remote.RemoteWebDriver.findElement(RemoteWebDriver.java:367)&#13;
	at org.openqa.selenium.remote.RemoteWebDriver.findElement(RemoteWebDriver.java:361)&#13;
	at org.openqa.selenium.support.pagefactory.DefaultElementLocator.findElement(DefaultElementLocator.java:68)&#13;
	at org.openqa.selenium.support.pagefactory.internal.LocatingElementHandler.invoke(LocatingElementHandler.java:38)&#13;
	at jdk.proxy2/jdk.proxy2.$Proxy23.toString(Unknown Source)&#13;
	at java.base/java.lang.String.valueOf(String.java:4220)&#13;
	at org.openqa.selenium.support.ui.ExpectedConditions$10.toString(ExpectedConditions.java:295)&#13;
	at java.base/java.lang.String.valueOf(String.java:4220)&#13;
	at org.openqa.selenium.support.ui.FluentWait.until(FluentWait.java:225)&#13;
	at com.pages.BasePage.waitForElement(BasePage.java:28)&#13;
	at com.pages.SearchPageFac.isSearchResultDisplayed(SearchPageFac.java:34)&#13;
	at com.stepDefinition.LinkedInSteps.user_should_see_search_results_related_to_the_keyword(LinkedInSteps.java:50)&#13;
	at âœ½.User should see search results related to the keyword(file:///C:/Users/raghav/OneDrive%20-%20Capgemini/Sprint%20Selenium%20Project/seleniumSprintProject/src/test/resources/Features/Homepage.feature:12)&#13;
&#13;
</error>
      </testcase>
    </testsuite>
  </testsuite>
</testrun>
