<html>
<head>
<title>TestNG:  Default test</title>
<link href="../testng.css" rel="stylesheet" type="text/css" />
<link href="../my-testng.css" rel="stylesheet" type="text/css" />

<style type="text/css">
.log { display: none;} 
.stack-trace { display: none;} 
</style>
<script type="text/javascript">
<!--
function flip(e) {
  current = e.style.display;
  if (current == 'block') {
    e.style.display = 'none';
    return 0;
  }
  else {
    e.style.display = 'block';
    return 1;
  }
}

function toggleBox(szDivId, elem, msg1, msg2)
{
  var res = -1;  if (document.getElementById) {
    res = flip(document.getElementById(szDivId));
  }
  else if (document.all) {
    // this is the way old msie versions work
    res = flip(document.all[szDivId]);
  }
  if(elem) {
    if(res == 0) elem.innerHTML = msg1; else elem.innerHTML = msg2;
  }

}

function toggleAllBoxes() {
  if (document.getElementsByTagName) {
    d = document.getElementsByTagName('div');
    for (i = 0; i < d.length; i++) {
      if (d[i].className == 'log') {
        flip(d[i]);
      }
    }
  }
}

// -->
</script>

</head>
<body>
<h2 align='center'>Default test</h2><table border='1' align="center">
<tr>
<td>Tests passed/Failed/Skipped:</td><td>5/1/0</td>
</tr><tr>
<td>Started on:</td><td>Thu Jul 10 15:53:31 IST 2025</td>
</tr>
<tr><td>Total time:</td><td>169 seconds (169237 ms)</td>
</tr><tr>
<td>Included groups:</td><td></td>
</tr><tr>
<td>Excluded groups:</td><td></td>
</tr>
</table><p/>
<small><i>(Hover the method name to see the test class name)</i></small><p/>
<table width='100%' border='1' class='invocation-failed'>
<tr><td colspan='4' align='center'><b>FAILED TESTS</b></td></tr>
<tr><td><b>Test method</b></td>
<td><b>Attribute(s)</b></td>
<td width="30%"><b>Exception</b></td>
<td width="10%"><b>Time (seconds)</b></td>
<td><b>Instance</b></td>
</tr>
<tr>
<td title='com.runner.RunnerWithTestNG.runScenario()'><b>runScenario</b><br>Test class: com.runner.RunnerWithTestNG<br>Test method: Runs Cucumber Scenarios<br>Parameters: "Validating job search results contains the searched keyword", "LinkedIn Functional of Search and HomePage"</td>
<td><div><pre>org.openqa.selenium.StaleElementReferenceException: stale element reference: stale element not found in the current frame
  (Session info: chrome=138.0.7204.97)
For documentation on this error, please visit: https://www.selenium.dev/documentation/webdriver/troubleshooting/errors#stale-element-reference-exception
Build info: version: &apos;4.34.0&apos;, revision: &apos;707dcb4246*&apos;
System info: os.name: &apos;Windows 11&apos;, os.arch: &apos;amd64&apos;, os.version: &apos;10.0&apos;, java.version: &apos;17.0.15&apos;
Driver info: org.openqa.selenium.chrome.ChromeDriver
Command: [e08dc0f6cebd92d4cb039da5dd384687, getElementText {id=f.FD5DD01AD9F0D0C4940739288AC31AC8.d.58B3F453D89BA37745DD39768CB6676D.e.210}]
Capabilities {acceptInsecureCerts: false, browserName: chrome, browserVersion: 138.0.7204.97, chrome: {chromedriverVersion: 138.0.7204.94 (545025748884..., userDataDir: C:\Users\raghav\AppData\Loc...}, fedcm:accounts: true, goog:chromeOptions: {debuggerAddress: localhost:50480}, networkConnectionEnabled: false, pageLoadStrategy: normal, platformName: windows, proxy: Proxy(), se:cdp: ws://localhost:50480/devtoo..., se:cdpVersion: 138.0.7204.97, setWindowRect: true, strictFileInteractability: false, timeouts: {implicit: 0, pageLoad: 300000, script: 30000}, unhandledPromptBehavior: dismiss and notify, webauthn:extension:credBlob: true, webauthn:extension:largeBlob: true, webauthn:extension:minPinLength: true, webauthn:extension:prf: true, webauthn:virtualAuthenticators: true}
Element: [[ChromeDriver: chrome on windows (e08dc0f6cebd92d4cb039da5dd384687)] -&gt; xpath: //ul[@class=&quot;YKRAYdObqkMyyrFNGgdKfQDJDiTDWQ&quot;]/li/div/div/div[1]/div[1]/div[2]/div[2]/span]
Session ID: e08dc0f6cebd92d4cb039da5dd384687
	at java.base/jdk.internal.reflect.NativeConstructorAccessorImpl.newInstance0(Native Method)
	at java.base/jdk.internal.reflect.NativeConstructorAccessorImpl.newInstance(NativeConstructorAccessorImpl.java:77)
	at java.base/jdk.internal.reflect.DelegatingConstructorAccessorImpl.newInstance(DelegatingConstructorAccessorImpl.java:45)
	at java.base/java.lang.reflect.Constructor.newInstanceWithCaller(Constructor.java:500)
	at java.base/java.lang.reflect.Constructor.newInstance(Constructor.java:481)
	at org.openqa.selenium.remote.ErrorCodec.decode(ErrorCodec.java:167)
	at org.openqa.selenium.remote.codec.w3c.W3CHttpResponseCodec.decode(W3CHttpResponseCodec.java:138)
	at org.openqa.selenium.remote.codec.w3c.W3CHttpResponseCodec.decode(W3CHttpResponseCodec.java:50)
	at org.openqa.selenium.remote.HttpCommandExecutor.execute(HttpCommandExecutor.java:215)
	at org.openqa.selenium.remote.service.DriverCommandExecutor.invokeExecute(DriverCommandExecutor.java:216)
	at org.openqa.selenium.remote.service.DriverCommandExecutor.execute(DriverCommandExecutor.java:174)
	at org.openqa.selenium.remote.RemoteWebDriver.execute(RemoteWebDriver.java:544)
	at org.openqa.selenium.remote.RemoteWebElement.execute(RemoteWebElement.java:223)
	at org.openqa.selenium.remote.RemoteWebElement.getText(RemoteWebElement.java:191)
	at com.pages.SearchPageFac.getAllJobCompanyNames(SearchPageFac.java:64)
	at com.pages.SearchPageFac.jobIsDisplayed(SearchPageFac.java:75)
	at com.stepDefinition.LinkedInSteps.at_least_one_job_should_appear_in_the_result(LinkedInSteps.java:92)
	at ✽.At least one job should appear in the result(file:///C:/Users/raghav/OneDrive%20-%20Capgemini/Sprint%20Selenium%20Project/seleniumSprintProject/src/test/resources/Features/Homepage.feature:21)
</pre></div><a href='#' onClick='toggleBox("stack-trace537033796", this, "Click to show all stack frames", "Click to hide stack frames")'>Click to show all stack frames</a>
<div class='stack-trace' id='stack-trace537033796'><pre>org.openqa.selenium.StaleElementReferenceException: stale element reference: stale element not found in the current frame
  (Session info: chrome=138.0.7204.97)
For documentation on this error, please visit: https://www.selenium.dev/documentation/webdriver/troubleshooting/errors#stale-element-reference-exception
Build info: version: &apos;4.34.0&apos;, revision: &apos;707dcb4246*&apos;
System info: os.name: &apos;Windows 11&apos;, os.arch: &apos;amd64&apos;, os.version: &apos;10.0&apos;, java.version: &apos;17.0.15&apos;
Driver info: org.openqa.selenium.chrome.ChromeDriver
Command: [e08dc0f6cebd92d4cb039da5dd384687, getElementText {id=f.FD5DD01AD9F0D0C4940739288AC31AC8.d.58B3F453D89BA37745DD39768CB6676D.e.210}]
Capabilities {acceptInsecureCerts: false, browserName: chrome, browserVersion: 138.0.7204.97, chrome: {chromedriverVersion: 138.0.7204.94 (545025748884..., userDataDir: C:\Users\raghav\AppData\Loc...}, fedcm:accounts: true, goog:chromeOptions: {debuggerAddress: localhost:50480}, networkConnectionEnabled: false, pageLoadStrategy: normal, platformName: windows, proxy: Proxy(), se:cdp: ws://localhost:50480/devtoo..., se:cdpVersion: 138.0.7204.97, setWindowRect: true, strictFileInteractability: false, timeouts: {implicit: 0, pageLoad: 300000, script: 30000}, unhandledPromptBehavior: dismiss and notify, webauthn:extension:credBlob: true, webauthn:extension:largeBlob: true, webauthn:extension:minPinLength: true, webauthn:extension:prf: true, webauthn:virtualAuthenticators: true}
Element: [[ChromeDriver: chrome on windows (e08dc0f6cebd92d4cb039da5dd384687)] -&gt; xpath: //ul[@class=&quot;YKRAYdObqkMyyrFNGgdKfQDJDiTDWQ&quot;]/li/div/div/div[1]/div[1]/div[2]/div[2]/span]
Session ID: e08dc0f6cebd92d4cb039da5dd384687
	at java.base/jdk.internal.reflect.NativeConstructorAccessorImpl.newInstance0(Native Method)
	at java.base/jdk.internal.reflect.NativeConstructorAccessorImpl.newInstance(NativeConstructorAccessorImpl.java:77)
	at java.base/jdk.internal.reflect.DelegatingConstructorAccessorImpl.newInstance(DelegatingConstructorAccessorImpl.java:45)
	at java.base/java.lang.reflect.Constructor.newInstanceWithCaller(Constructor.java:500)
	at java.base/java.lang.reflect.Constructor.newInstance(Constructor.java:481)
	at org.openqa.selenium.remote.ErrorCodec.decode(ErrorCodec.java:167)
	at org.openqa.selenium.remote.codec.w3c.W3CHttpResponseCodec.decode(W3CHttpResponseCodec.java:138)
	at org.openqa.selenium.remote.codec.w3c.W3CHttpResponseCodec.decode(W3CHttpResponseCodec.java:50)
	at org.openqa.selenium.remote.HttpCommandExecutor.execute(HttpCommandExecutor.java:215)
	at org.openqa.selenium.remote.service.DriverCommandExecutor.invokeExecute(DriverCommandExecutor.java:216)
	at org.openqa.selenium.remote.service.DriverCommandExecutor.execute(DriverCommandExecutor.java:174)
	at org.openqa.selenium.remote.RemoteWebDriver.execute(RemoteWebDriver.java:544)
	at org.openqa.selenium.remote.RemoteWebElement.execute(RemoteWebElement.java:223)
	at org.openqa.selenium.remote.RemoteWebElement.getText(RemoteWebElement.java:191)
	at com.pages.SearchPageFac.getAllJobCompanyNames(SearchPageFac.java:64)
	at com.pages.SearchPageFac.jobIsDisplayed(SearchPageFac.java:75)
	at com.stepDefinition.LinkedInSteps.at_least_one_job_should_appear_in_the_result(LinkedInSteps.java:92)
	at ✽.At least one job should appear in the result(file:///C:/Users/raghav/OneDrive%20-%20Capgemini/Sprint%20Selenium%20Project/seleniumSprintProject/src/test/resources/Features/Homepage.feature:21)
</pre></div></td>
<td>28</td>
<td>com.runner.RunnerWithTestNG@23e84203</td></tr>
</table><p>
<table width='100%' border='1' class='invocation-passed'>
<tr><td colspan='4' align='center'><b>PASSED TESTS</b></td></tr>
<tr><td><b>Test method</b></td>
<td><b>Attribute(s)</b></td>
<td width="30%"><b>Exception</b></td>
<td width="10%"><b>Time (seconds)</b></td>
<td><b>Instance</b></td>
</tr>
<tr>
<td title='com.runner.RunnerWithTestNG.runScenario()'><b>runScenario</b><br>Test class: com.runner.RunnerWithTestNG<br>Test method: Runs Cucumber Scenarios<br>Parameters: "Verify that user can toggle Dark Mode preferance", "LinkedIn Functional of Search and HomePage"</td>
<td></td>
<td>25</td>
<td>com.runner.RunnerWithTestNG@23e84203</td></tr>
<tr>
<td title='com.runner.RunnerWithTestNG.runScenario()'><b>runScenario</b><br>Test class: com.runner.RunnerWithTestNG<br>Test method: Runs Cucumber Scenarios<br>Parameters: "Verify system response when searching with an invalid keyword", "LinkedIn Functional of Search and HomePage"</td>
<td></td>
<td>26</td>
<td>com.runner.RunnerWithTestNG@23e84203</td></tr>
<tr>
<td title='com.runner.RunnerWithTestNG.runScenario()'><b>runScenario</b><br>Test class: com.runner.RunnerWithTestNG<br>Test method: Runs Cucumber Scenarios<br>Parameters: "Verify system shows error when user tries to post duplicate content", "LinkedIn Functional of Search and HomePage"</td>
<td></td>
<td>26</td>
<td>com.runner.RunnerWithTestNG@23e84203</td></tr>
<tr>
<td title='com.runner.RunnerWithTestNG.runScenario()'><b>runScenario</b><br>Test class: com.runner.RunnerWithTestNG<br>Test method: Runs Cucumber Scenarios<br>Parameters: "Verify profile seach using LinkedIn search bar", "LinkedIn Functional of Search and HomePage"</td>
<td></td>
<td>31</td>
<td>com.runner.RunnerWithTestNG@23e84203</td></tr>
<tr>
<td title='com.runner.RunnerWithTestNG.runScenario()'><b>runScenario</b><br>Test class: com.runner.RunnerWithTestNG<br>Test method: Runs Cucumber Scenarios<br>Parameters: "Verify that user can successfully post content on LinkedIn", "LinkedIn Functional of Search and HomePage"</td>
<td></td>
<td>30</td>
<td>com.runner.RunnerWithTestNG@23e84203</td></tr>
</table><p>
</body>
</html>